<?xml version="1.0" encoding="UTF-8"?>
<!-- Generated by org.testng.reporters.JUnitReportReporter -->
<testsuite hostname="DESKTOP-8OTT66F" failures="6" tests="6" name="latihan.cucumberr.ohrmoutline.OHRMOutlineRunner" time="25.498" errors="0" timestamp="2022-09-20T21:55:14 ICT" skipped="0">
  <testcase classname="latihan.cucumberr.ohrmoutline.OHRMOutlineRunner" name="runScenario" time="2.260">
    <failure message="expected [true] but found [false]" type="java.lang.AssertionError">
      <![CDATA[java.lang.AssertionError: expected [true] but found [false]
at org.testng.Assert.fail(Assert.java:110)
at org.testng.Assert.failNotEquals(Assert.java:1413)
at org.testng.Assert.assertTrue(Assert.java:56)
at org.testng.Assert.assertTrue(Assert.java:66)
at latihan.cucumberr.ohrmoutline.OHRMOutlineImplementor.user_invalid(OHRMOutlineImplementor.java:46)
at ✽.User invalid(file:///C:/Users/NEXSOFT/Documents/lmsJuaraKoding/workspaces/workspaceSQABootcamp/NexSOFT/MAIA/src/test/resources/features/hrms/01loginoutline.feature:5)
]]>
    </failure>
  </testcase> <!-- runScenario -->
  <system-out/>
  <testcase classname="latihan.cucumberr.ohrmoutline.OHRMOutlineRunner" name="runScenario" time="2.127">
    <failure message="expected [true] but found [false]" type="java.lang.AssertionError">
      <![CDATA[java.lang.AssertionError: expected [true] but found [false]
at org.testng.Assert.fail(Assert.java:110)
at org.testng.Assert.failNotEquals(Assert.java:1413)
at org.testng.Assert.assertTrue(Assert.java:56)
at org.testng.Assert.assertTrue(Assert.java:66)
at latihan.cucumberr.ohrmoutline.OHRMOutlineImplementor.user_invalid(OHRMOutlineImplementor.java:46)
at ✽.User invalid(file:///C:/Users/NEXSOFT/Documents/lmsJuaraKoding/workspaces/workspaceSQABootcamp/NexSOFT/MAIA/src/test/resources/features/hrms/01loginoutline.feature:5)
]]>
    </failure>
  </testcase> <!-- runScenario -->
  <system-out/>
  <testcase classname="latihan.cucumberr.ohrmoutline.OHRMOutlineRunner" name="runScenario" time="16.067">
    <failure message="expected [true] but found [false]" type="java.lang.AssertionError">
      <![CDATA[java.lang.AssertionError: expected [true] but found [false]
at org.testng.Assert.fail(Assert.java:110)
at org.testng.Assert.failNotEquals(Assert.java:1413)
at org.testng.Assert.assertTrue(Assert.java:56)
at org.testng.Assert.assertTrue(Assert.java:66)
at latihan.cucumberr.ohrmoutline.OHRMOutlineImplementor.user_invalid(OHRMOutlineImplementor.java:46)
at ✽.User invalid(file:///C:/Users/NEXSOFT/Documents/lmsJuaraKoding/workspaces/workspaceSQABootcamp/NexSOFT/MAIA/src/test/resources/features/hrms/01loginoutline.feature:5)
]]>
    </failure>
  </testcase> <!-- runScenario -->
  <system-out/>
  <testcase classname="latihan.cucumberr.ohrmoutline.OHRMOutlineRunner" name="runScenario" time="1.693">
    <failure message="expected [true] but found [false]" type="java.lang.AssertionError">
      <![CDATA[java.lang.AssertionError: expected [true] but found [false]
at org.testng.Assert.fail(Assert.java:110)
at org.testng.Assert.failNotEquals(Assert.java:1413)
at org.testng.Assert.assertTrue(Assert.java:56)
at org.testng.Assert.assertTrue(Assert.java:66)
at latihan.cucumberr.ohrmoutline.OHRMOutlineImplementor.user_invalid(OHRMOutlineImplementor.java:46)
at ✽.User invalid(file:///C:/Users/NEXSOFT/Documents/lmsJuaraKoding/workspaces/workspaceSQABootcamp/NexSOFT/MAIA/src/test/resources/features/hrms/01loginoutline.feature:5)
]]>
    </failure>
  </testcase> <!-- runScenario -->
  <system-out/>
  <testcase classname="latihan.cucumberr.ohrmoutline.OHRMOutlineRunner" name="runScenario" time="1.680">
    <failure message="expected [true] but found [false]" type="java.lang.AssertionError">
      <![CDATA[java.lang.AssertionError: expected [true] but found [false]
at org.testng.Assert.fail(Assert.java:110)
at org.testng.Assert.failNotEquals(Assert.java:1413)
at org.testng.Assert.assertTrue(Assert.java:56)
at org.testng.Assert.assertTrue(Assert.java:66)
at latihan.cucumberr.ohrmoutline.OHRMOutlineImplementor.user_invalid(OHRMOutlineImplementor.java:46)
at ✽.User invalid(file:///C:/Users/NEXSOFT/Documents/lmsJuaraKoding/workspaces/workspaceSQABootcamp/NexSOFT/MAIA/src/test/resources/features/hrms/01loginoutline.feature:5)
]]>
    </failure>
  </testcase> <!-- runScenario -->
  <system-out/>
  <testcase classname="latihan.cucumberr.ohrmoutline.OHRMOutlineRunner" name="runScenario" time="1.671">
    <failure message="expected [true] but found [false]" type="java.lang.AssertionError">
      <![CDATA[java.lang.AssertionError: expected [true] but found [false]
at org.testng.Assert.fail(Assert.java:110)
at org.testng.Assert.failNotEquals(Assert.java:1413)
at org.testng.Assert.assertTrue(Assert.java:56)
at org.testng.Assert.assertTrue(Assert.java:66)
at latihan.cucumberr.ohrmoutline.OHRMOutlineImplementor.user_invalid(OHRMOutlineImplementor.java:46)
at ✽.User invalid(file:///C:/Users/NEXSOFT/Documents/lmsJuaraKoding/workspaces/workspaceSQABootcamp/NexSOFT/MAIA/src/test/resources/features/hrms/01loginoutline.feature:5)
]]>
    </failure>
  </testcase> <!-- runScenario -->
  <system-out/>
</testsuite> <!-- latihan.cucumberr.ohrmoutline.OHRMOutlineRunner -->
